<?xml version="1.0" encoding="UTF-8"?>
<!-- Generated by org.testng.reporters.JUnitReportReporter -->
<testsuite skipped="0" hostname="Ashvinis-MacBook-Air.local" name="tests.Assignment1_FacebookLogin" tests="1" failures="0" timestamp="04 Feb 2020 13:30:08 GMT" time="25.383" errors="0">
  <testcase name="testFacebookLogin" time="25.383" classname="tests.Assignment1_FacebookLogin"/>
</testsuite> <!-- tests.Assignment1_FacebookLogin -->
