<?xml version="1.0" encoding="UTF-8"?>
<!-- Generated by org.testng.reporters.JUnitReportReporter -->
<testsuite skipped="0" hostname="Ashvinis-MacBook-Air.local" name="tests.Assignment2_WalletHubReview" tests="1" failures="0" timestamp="04 Feb 2020 13:28:08 GMT" time="37.484" errors="0">
  <testcase name="CanPostReviewOnWalletHub" time="37.484" classname="tests.Assignment2_WalletHubReview"/>
</testsuite> <!-- tests.Assignment2_WalletHubReview -->
